\BOOKMARK [1][-]{section.1}{Overview of Organic Semiconductors}{}% 1
\BOOKMARK [2][-]{subsection.1.1}{Organic Semiconductors}{section.1}% 2
\BOOKMARK [2][-]{subsection.1.2}{Excitons}{section.1}% 3
\BOOKMARK [3][-]{subsubsection.1.2.1}{Singlets and Triplets}{subsection.1.2}% 4
\BOOKMARK [3][-]{subsubsection.1.2.2}{Electronic Transitions}{subsection.1.2}% 5
\BOOKMARK [2][-]{subsection.1.3}{Charge Transport}{section.1}% 6
\BOOKMARK [1][-]{section.2}{Organic Light-Emtting Devices}{}% 7
\BOOKMARK [2][-]{subsection.2.1}{Fabrication Processes}{section.2}% 8
\BOOKMARK [2][-]{subsection.2.2}{Characterization}{section.2}% 9
\BOOKMARK [3][-]{subsubsection.2.2.1}{Luminance}{subsection.2.2}% 10
\BOOKMARK [3][-]{subsubsection.2.2.2}{Efficiency Analysis}{subsection.2.2}% 11
\BOOKMARK [2][-]{subsection.2.3}{Historical Developement}{section.2}% 12
\BOOKMARK [3][-]{subsubsection.2.3.1}{The First OLEDs}{subsection.2.3}% 13
\BOOKMARK [3][-]{subsubsection.2.3.2}{Phosphorescence}{subsection.2.3}% 14
\BOOKMARK [3][-]{subsubsection.2.3.3}{Host-Guest Systems}{subsection.2.3}% 15
\BOOKMARK [3][-]{subsubsection.2.3.4}{Cohost Systems}{subsection.2.3}% 16
\BOOKMARK [3][-]{subsubsection.2.3.5}{Thermally Activated Delayed Fluorescence}{subsection.2.3}% 17
\BOOKMARK [2][-]{subsection.2.4}{Device Operation}{section.2}% 18
\BOOKMARK [3][-]{subsubsection.2.4.1}{Dynamic Processes}{subsection.2.4}% 19
\BOOKMARK [3][-]{subsubsection.2.4.2}{Efficiency Roll-Off}{subsection.2.4}% 20
\BOOKMARK [1][-]{section.3}{Transient and Steady-State Dynamics}{}% 21
\BOOKMARK [2][-]{subsection.3.1}{Motivation}{section.3}% 22
\BOOKMARK [2][-]{subsection.3.2}{Theory}{section.3}% 23
\BOOKMARK [3][-]{subsubsection.3.2.1}{Previous Efficiency Roll-Off Models}{subsection.3.2}% 24
\BOOKMARK [3][-]{subsubsection.3.2.2}{Exciton Dynamics}{subsection.3.2}% 25
\BOOKMARK [3][-]{subsubsection.3.2.3}{Polaron Dynamics}{subsection.3.2}% 26
\BOOKMARK [3][-]{subsubsection.3.2.4}{Exciton Quenching in Photoluminescence}{subsection.3.2}% 27
\BOOKMARK [3][-]{subsubsection.3.2.5}{Transient Electroluminescence}{subsection.3.2}% 28
\BOOKMARK [3][-]{subsubsection.3.2.6}{Efficiency Analysis}{subsection.3.2}% 29
\BOOKMARK [2][-]{subsection.3.3}{Experimental Details}{section.3}% 30
\BOOKMARK [2][-]{subsection.3.4}{Application to Devices}{section.3}% 31
\BOOKMARK [3][-]{subsubsection.3.4.1}{Overview of Approach}{subsection.3.4}% 32
\BOOKMARK [3][-]{subsubsection.3.4.2}{Initializing Parameters with Quenching Only Steady-State Model}{subsection.3.4}% 33
\BOOKMARK [3][-]{subsubsection.3.4.3}{Transient Modeling}{subsection.3.4}% 34
\BOOKMARK [3][-]{subsubsection.3.4.4}{Term Efficiency During Transient}{subsection.3.4}% 35
\BOOKMARK [3][-]{subsubsection.3.4.5}{Extracting Exciton Formation Efficiency}{subsection.3.4}% 36
\BOOKMARK [3][-]{subsubsection.3.4.6}{Drift Model}{subsection.3.4}% 37
\BOOKMARK [2][-]{subsection.3.5}{Understanding Assumptions of Polaron Model}{section.3}% 38
\BOOKMARK [1][-]{section.4}{Integrated Photoluminescence Lifetimes}{}% 39
\BOOKMARK [2][-]{subsection.4.1}{Luminance as Efficiency Loss}{section.4}% 40
\BOOKMARK [2][-]{subsection.4.2}{Photoluminescence Characterization}{section.4}% 41
\BOOKMARK [3][-]{subsubsection.4.2.1}{Light Selection}{subsection.4.2}% 42
\BOOKMARK [3][-]{subsubsection.4.2.2}{Absorption - Recombination Overlap}{subsection.4.2}% 43
\BOOKMARK [3][-]{subsubsection.4.2.3}{Contact Degradation}{subsection.4.2}% 44
\BOOKMARK [3][-]{subsubsection.4.2.4}{Quenching Changes During Degradation}{subsection.4.2}% 45
\BOOKMARK [3][-]{subsubsection.4.2.5}{Verification with Excton Lifetime}{subsection.4.2}% 46
\BOOKMARK [2][-]{subsection.4.3}{Experimental Implementation}{section.4}% 47
\BOOKMARK [3][-]{subsubsection.4.3.1}{Hardware Setup}{subsection.4.3}% 48
\BOOKMARK [3][-]{subsubsection.4.3.2}{Software Developement}{subsection.4.3}% 49
\BOOKMARK [3][-]{subsubsection.4.3.3}{Database Integration}{subsection.4.3}% 50
\BOOKMARK [1][-]{section.5}{Applied Integrated Lifetimes}{}% 51
\BOOKMARK [2][-]{subsection.5.1}{CBP Host Thickness}{section.5}% 52
\BOOKMARK [2][-]{subsection.5.2}{MEML Luminance Scaling}{section.5}% 53
\BOOKMARK [2][-]{subsection.5.3}{Dow Cohost}{section.5}% 54
\BOOKMARK [1][-]{section.6}{Novel Blue Emitter Developement}{}% 55
\BOOKMARK [2][-]{subsection.6.1}{Molecular Systems}{section.6}% 56
\BOOKMARK [2][-]{subsection.6.2}{Performance Optimization}{section.6}% 57
\BOOKMARK [2][-]{subsection.6.3}{Solution Molecular Aggregation}{section.6}% 58
\BOOKMARK [1][-]{section.7}{Data Management for Devices}{}% 59
\BOOKMARK [1][-]{section.8}{Modeling Out-Coupling}{}% 60
\BOOKMARK [2][-]{subsection.8.1}{Theory}{section.8}% 61
\BOOKMARK [2][-]{subsection.8.2}{Recombination Zone Overlap During Lifetime}{section.8}% 62
\BOOKMARK [1][-]{section.9}{Future Research}{}% 63
\BOOKMARK [1][-]{section.9}{Bibliography}{}% 64
\BOOKMARK [1][-]{section*.6}{Appendices}{}% 65
\BOOKMARK [1][-]{appendix.A}{List of Publications}{}% 66
\BOOKMARK [1][-]{appendix.B}{Out-Coupling Code}{}% 67
\BOOKMARK [1][-]{appendix.C}{Lifetime Box Code}{}% 68
\BOOKMARK [1][-]{appendix.D}{List of Figures}{}% 69
\BOOKMARK [1][-]{appendix.E}{List of Tables}{}% 70
